CRITICAL - 2023-07-09 16:55:06 --> syntax error, unexpected variable "$item", expecting ")"
in APPPATH\Views\makanan.php on line 138.
 1 SYSTEMPATH\View\View.php(216): CodeIgniter\View\View->CodeIgniter\View\{closure}()
 2 SYSTEMPATH\Common.php(1184): CodeIgniter\View\View->render('makanan', [], true)
 3 APPPATH\Controllers\Home.php(28): view('makanan', [...])
 4 SYSTEMPATH\CodeIgniter.php(934): App\Controllers\Home->makanan('$item->nama_resep')
 5 SYSTEMPATH\CodeIgniter.php(499): CodeIgniter\CodeIgniter->runController(Object(App\Controllers\Home))
 6 SYSTEMPATH\CodeIgniter.php(368): CodeIgniter\CodeIgniter->handleRequest(null, Object(Config\Cache), false)
 7 FCPATH\index.php(67): CodeIgniter\CodeIgniter->run()
 8 SYSTEMPATH\Commands\Server\rewrite.php(47): require_once('C:\\xampp\\htdocs\\urecipe\\public\\index.php')
CRITICAL - 2023-07-09 16:55:10 --> syntax error, unexpected variable "$item", expecting ")"
in APPPATH\Views\makanan.php on line 138.
 1 SYSTEMPATH\View\View.php(216): CodeIgniter\View\View->CodeIgniter\View\{closure}()
 2 SYSTEMPATH\Common.php(1184): CodeIgniter\View\View->render('makanan', [], true)
 3 APPPATH\Controllers\Home.php(28): view('makanan', [...])
 4 SYSTEMPATH\CodeIgniter.php(934): App\Controllers\Home->makanan()
 5 SYSTEMPATH\CodeIgniter.php(499): CodeIgniter\CodeIgniter->runController(Object(App\Controllers\Home))
 6 SYSTEMPATH\CodeIgniter.php(368): CodeIgniter\CodeIgniter->handleRequest(null, Object(Config\Cache), false)
 7 FCPATH\index.php(67): CodeIgniter\CodeIgniter->run()
 8 SYSTEMPATH\Commands\Server\rewrite.php(47): require_once('C:\\xampp\\htdocs\\urecipe\\public\\index.php')
CRITICAL - 2023-07-09 17:21:28 --> Undefined variable $id_resep
in APPPATH\Controllers\Home.php on line 53.
 1 APPPATH\Controllers\Home.php(53): CodeIgniter\Debug\Exceptions->errorHandler(2, 'Undefined variable $id_resep', 'C:\\xampp\\htdocs\\urecipe\\app\\Controllers\\Home.php', 53)
 2 SYSTEMPATH\CodeIgniter.php(934): App\Controllers\Home->detail_makanan('demo-recipes-recipes.html')
 3 SYSTEMPATH\CodeIgniter.php(499): CodeIgniter\CodeIgniter->runController(Object(App\Controllers\Home))
 4 SYSTEMPATH\CodeIgniter.php(368): CodeIgniter\CodeIgniter->handleRequest(null, Object(Config\Cache), false)
 5 FCPATH\index.php(67): CodeIgniter\CodeIgniter->run()
 6 SYSTEMPATH\Commands\Server\rewrite.php(47): require_once('C:\\xampp\\htdocs\\urecipe\\public\\index.php')
CRITICAL - 2023-07-09 17:21:30 --> Undefined variable $id_resep
in APPPATH\Controllers\Home.php on line 53.
 1 APPPATH\Controllers\Home.php(53): CodeIgniter\Debug\Exceptions->errorHandler(2, 'Undefined variable $id_resep', 'C:\\xampp\\htdocs\\urecipe\\app\\Controllers\\Home.php', 53)
 2 SYSTEMPATH\CodeIgniter.php(934): App\Controllers\Home->detail_makanan('id=1')
 3 SYSTEMPATH\CodeIgniter.php(499): CodeIgniter\CodeIgniter->runController(Object(App\Controllers\Home))
 4 SYSTEMPATH\CodeIgniter.php(368): CodeIgniter\CodeIgniter->handleRequest(null, Object(Config\Cache), false)
 5 FCPATH\index.php(67): CodeIgniter\CodeIgniter->run()
 6 SYSTEMPATH\Commands\Server\rewrite.php(47): require_once('C:\\xampp\\htdocs\\urecipe\\public\\index.php')
CRITICAL - 2023-07-09 17:21:31 --> Undefined variable $id_resep
in APPPATH\Controllers\Home.php on line 53.
 1 APPPATH\Controllers\Home.php(53): CodeIgniter\Debug\Exceptions->errorHandler(2, 'Undefined variable $id_resep', 'C:\\xampp\\htdocs\\urecipe\\app\\Controllers\\Home.php', 53)
 2 SYSTEMPATH\CodeIgniter.php(934): App\Controllers\Home->detail_makanan('id=1')
 3 SYSTEMPATH\CodeIgniter.php(499): CodeIgniter\CodeIgniter->runController(Object(App\Controllers\Home))
 4 SYSTEMPATH\CodeIgniter.php(368): CodeIgniter\CodeIgniter->handleRequest(null, Object(Config\Cache), false)
 5 FCPATH\index.php(67): CodeIgniter\CodeIgniter->run()
 6 SYSTEMPATH\Commands\Server\rewrite.php(47): require_once('C:\\xampp\\htdocs\\urecipe\\public\\index.php')
